2026-03-06 17:47:02.844 [restartedMain] DEBUG c.e.e.s.JwtAuthenticationFilter - Filter 'jwtAuthenticationFilter' configured for use
2026-03-06 17:47:05.038 [restartedMain] INFO  o.s.s.web.DefaultSecurityFilterChain - Will secure any request with [org.springframework.security.web.session.DisableEncodeUrlFilter@20be5fb6, org.springframework.security.web.context.request.async.WebAsyncManagerIntegrationFilter@5a0b57f2, org.springframework.security.web.context.SecurityContextHolderFilter@b9b6ce8, org.springframework.security.web.header.HeaderWriterFilter@7682550b, org.springframework.web.filter.CorsFilter@306b562e, org.springframework.security.web.authentication.logout.LogoutFilter@4a936130, com.ecomove.ecoMove.security.JwtAuthenticationFilter@3128115d, org.springframework.security.web.savedrequest.RequestCacheAwareFilter@56ec61c1, org.springframework.security.web.servletapi.SecurityContextHolderAwareRequestFilter@4f38504c, org.springframework.security.web.authentication.AnonymousAuthenticationFilter@bee60d9, org.springframework.security.web.session.SessionManagementFilter@41cc6b83, org.springframework.security.web.access.ExceptionTranslationFilter@1404f018, org.springframework.security.web.access.intercept.AuthorizationFilter@513b378b]
2026-03-06 17:47:36.390 [restartedMain] DEBUG c.e.e.s.JwtAuthenticationFilter - Filter 'jwtAuthenticationFilter' configured for use
2026-03-06 17:47:38.540 [restartedMain] INFO  o.s.s.web.DefaultSecurityFilterChain - Will secure any request with [org.springframework.security.web.session.DisableEncodeUrlFilter@4c676656, org.springframework.security.web.context.request.async.WebAsyncManagerIntegrationFilter@4bb1c6e6, org.springframework.security.web.context.SecurityContextHolderFilter@6756a8cc, org.springframework.security.web.header.HeaderWriterFilter@7c364c37, org.springframework.web.filter.CorsFilter@70b4413c, org.springframework.security.web.authentication.logout.LogoutFilter@7913b6ba, com.ecomove.ecoMove.security.JwtAuthenticationFilter@65c428b9, org.springframework.security.web.savedrequest.RequestCacheAwareFilter@784b77, org.springframework.security.web.servletapi.SecurityContextHolderAwareRequestFilter@4570385a, org.springframework.security.web.authentication.AnonymousAuthenticationFilter@387452da, org.springframework.security.web.session.SessionManagementFilter@16f1d4e0, org.springframework.security.web.access.ExceptionTranslationFilter@437e5c3b, org.springframework.security.web.access.intercept.AuthorizationFilter@197e81b0]
2026-03-06 17:49:57.466 [main] INFO  o.s.s.web.DefaultSecurityFilterChain - Will secure any request with [org.springframework.security.web.session.DisableEncodeUrlFilter@3b5e73, org.springframework.security.web.context.request.async.WebAsyncManagerIntegrationFilter@7c6737d4, org.springframework.security.web.context.SecurityContextHolderFilter@325f3a06, org.springframework.security.web.header.HeaderWriterFilter@2d20aacc, org.springframework.web.filter.CorsFilter@5afc307c, org.springframework.security.web.authentication.logout.LogoutFilter@11e487ee, com.ecomove.ecoMove.security.JwtAuthenticationFilter@7ad0d002, org.springframework.security.web.savedrequest.RequestCacheAwareFilter@7afbb6aa, org.springframework.security.web.servletapi.SecurityContextHolderAwareRequestFilter@11bdbfd3, org.springframework.security.web.authentication.AnonymousAuthenticationFilter@608d49c8, org.springframework.security.web.session.SessionManagementFilter@626b3a3a, org.springframework.security.web.access.ExceptionTranslationFilter@3feaa2b3, org.springframework.security.web.access.intercept.AuthorizationFilter@207e1269]
2026-03-06 17:49:58.227 [main] DEBUG c.e.e.s.JwtAuthenticationFilter - Filter 'jwtAuthenticationFilter' configured for use
2026-03-06 17:50:39.423 [restartedMain] DEBUG c.e.e.s.JwtAuthenticationFilter - Filter 'jwtAuthenticationFilter' configured for use
2026-03-06 17:50:40.421 [restartedMain] INFO  o.s.s.web.DefaultSecurityFilterChain - Will secure any request with [org.springframework.security.web.session.DisableEncodeUrlFilter@24e37d51, org.springframework.security.web.context.request.async.WebAsyncManagerIntegrationFilter@387fcc1c, org.springframework.security.web.context.SecurityContextHolderFilter@3acc3129, org.springframework.security.web.header.HeaderWriterFilter@48678dc, org.springframework.web.filter.CorsFilter@7fac9a24, org.springframework.security.web.authentication.logout.LogoutFilter@24cb4614, com.ecomove.ecoMove.security.JwtAuthenticationFilter@71d00ec4, org.springframework.security.web.savedrequest.RequestCacheAwareFilter@1b4dd577, org.springframework.security.web.servletapi.SecurityContextHolderAwareRequestFilter@23bf4f26, org.springframework.security.web.authentication.AnonymousAuthenticationFilter@2892028e, org.springframework.security.web.session.SessionManagementFilter@1edd6352, org.springframework.security.web.access.ExceptionTranslationFilter@4d257985, org.springframework.security.web.access.intercept.AuthorizationFilter@442b0574]
2026-03-06 17:51:08.491 [http-nio-8085-exec-1] DEBUG o.s.security.web.FilterChainProxy - Securing GET /swagger-ui.html
2026-03-06 17:51:08.508 [http-nio-8085-exec-1] DEBUG o.s.s.w.a.AnonymousAuthenticationFilter - Set SecurityContextHolder to anonymous SecurityContext
2026-03-06 17:51:08.515 [http-nio-8085-exec-1] DEBUG o.s.security.web.FilterChainProxy - Secured GET /swagger-ui.html
2026-03-06 17:51:08.584 [http-nio-8085-exec-2] DEBUG o.s.security.web.FilterChainProxy - Securing GET /swagger-ui/index.html
2026-03-06 17:51:08.585 [http-nio-8085-exec-2] DEBUG o.s.s.w.a.AnonymousAuthenticationFilter - Set SecurityContextHolder to anonymous SecurityContext
2026-03-06 17:51:08.586 [http-nio-8085-exec-2] DEBUG o.s.security.web.FilterChainProxy - Secured GET /swagger-ui/index.html
2026-03-06 17:51:08.650 [http-nio-8085-exec-3] DEBUG o.s.security.web.FilterChainProxy - Securing GET /swagger-ui/swagger-ui.css
2026-03-06 17:51:08.651 [http-nio-8085-exec-3] DEBUG o.s.s.w.a.AnonymousAuthenticationFilter - Set SecurityContextHolder to anonymous SecurityContext
2026-03-06 17:51:08.652 [http-nio-8085-exec-3] DEBUG o.s.security.web.FilterChainProxy - Secured GET /swagger-ui/swagger-ui.css
2026-03-06 17:51:08.667 [http-nio-8085-exec-3] DEBUG o.s.security.web.FilterChainProxy - Securing GET /swagger-ui/swagger-ui-standalone-preset.js
2026-03-06 17:51:08.668 [http-nio-8085-exec-3] DEBUG o.s.s.w.a.AnonymousAuthenticationFilter - Set SecurityContextHolder to anonymous SecurityContext
2026-03-06 17:51:08.669 [http-nio-8085-exec-3] DEBUG o.s.security.web.FilterChainProxy - Secured GET /swagger-ui/swagger-ui-standalone-preset.js
2026-03-06 17:51:08.670 [http-nio-8085-exec-5] DEBUG o.s.security.web.FilterChainProxy - Securing GET /swagger-ui/swagger-ui-bundle.js
2026-03-06 17:51:08.670 [http-nio-8085-exec-4] DEBUG o.s.security.web.FilterChainProxy - Securing GET /swagger-ui/index.css
2026-03-06 17:51:08.671 [http-nio-8085-exec-4] DEBUG o.s.s.w.a.AnonymousAuthenticationFilter - Set SecurityContextHolder to anonymous SecurityContext
2026-03-06 17:51:08.671 [http-nio-8085-exec-5] DEBUG o.s.s.w.a.AnonymousAuthenticationFilter - Set SecurityContextHolder to anonymous SecurityContext
2026-03-06 17:51:08.672 [http-nio-8085-exec-4] DEBUG o.s.security.web.FilterChainProxy - Secured GET /swagger-ui/index.css
2026-03-06 17:51:08.673 [http-nio-8085-exec-5] DEBUG o.s.security.web.FilterChainProxy - Secured GET /swagger-ui/swagger-ui-bundle.js
2026-03-06 17:51:08.676 [http-nio-8085-exec-6] DEBUG o.s.security.web.FilterChainProxy - Securing GET /swagger-ui/swagger-initializer.js
2026-03-06 17:51:08.688 [http-nio-8085-exec-6] DEBUG o.s.s.w.a.AnonymousAuthenticationFilter - Set SecurityContextHolder to anonymous SecurityContext
2026-03-06 17:51:08.693 [http-nio-8085-exec-6] DEBUG o.s.security.web.FilterChainProxy - Secured GET /swagger-ui/swagger-initializer.js
2026-03-06 17:51:08.972 [http-nio-8085-exec-8] DEBUG o.s.security.web.FilterChainProxy - Securing GET /swagger-ui/favicon-32x32.png
2026-03-06 17:51:08.973 [http-nio-8085-exec-8] DEBUG o.s.s.w.a.AnonymousAuthenticationFilter - Set SecurityContextHolder to anonymous SecurityContext
2026-03-06 17:51:08.973 [http-nio-8085-exec-8] DEBUG o.s.security.web.FilterChainProxy - Secured GET /swagger-ui/favicon-32x32.png
2026-03-06 17:51:09.003 [http-nio-8085-exec-9] DEBUG o.s.security.web.FilterChainProxy - Securing GET /v3/api-docs/swagger-config
2026-03-06 17:51:09.004 [http-nio-8085-exec-9] DEBUG o.s.s.w.a.AnonymousAuthenticationFilter - Set SecurityContextHolder to anonymous SecurityContext
2026-03-06 17:51:09.005 [http-nio-8085-exec-9] DEBUG o.s.security.web.FilterChainProxy - Secured GET /v3/api-docs/swagger-config
2026-03-06 17:51:09.009 [http-nio-8085-exec-10] DEBUG o.s.security.web.FilterChainProxy - Securing GET /swagger-ui/favicon-32x32.png
2026-03-06 17:51:09.010 [http-nio-8085-exec-10] DEBUG o.s.s.w.a.AnonymousAuthenticationFilter - Set SecurityContextHolder to anonymous SecurityContext
2026-03-06 17:51:09.011 [http-nio-8085-exec-10] DEBUG o.s.security.web.FilterChainProxy - Secured GET /swagger-ui/favicon-32x32.png
2026-03-06 17:51:09.051 [http-nio-8085-exec-1] DEBUG o.s.security.web.FilterChainProxy - Securing GET /v3/api-docs
2026-03-06 17:51:09.052 [http-nio-8085-exec-1] DEBUG o.s.s.w.a.AnonymousAuthenticationFilter - Set SecurityContextHolder to anonymous SecurityContext
2026-03-06 17:51:09.052 [http-nio-8085-exec-1] DEBUG o.s.security.web.FilterChainProxy - Secured GET /v3/api-docs
