2026-03-08 10:30:21.833 [main] INFO  c.e.e.controller.AuthControllerTest - Starting AuthControllerTest using Java 21.0.1 with PID 9468 (started by FLORINDA KEVINE in C:\Users\FLORINDA KEVINE\Desktop\Audrey\Examen_certifiant\Examen_certifiant)
2026-03-08 10:30:21.855 [main] DEBUG c.e.e.controller.AuthControllerTest - Running with Spring Boot v3.2.3, Spring v6.1.4
2026-03-08 10:30:21.857 [main] INFO  c.e.e.controller.AuthControllerTest - The following 1 profile is active: "test"
2026-03-08 10:30:28.348 [main] WARN  org.hibernate.dialect.Dialect - HHH000511: The 2.1.210 version for [org.hibernate.dialect.H2Dialect] is no longer supported, hence certain features may not work properly. The minimum supported version is 2.1.214. Check the community dialects project for available legacy versions.
2026-03-08 10:30:30.074 [main] DEBUG org.hibernate.SQL - drop table if exists bookings cascade 
2026-03-08 10:30:30.080 [main] DEBUG org.hibernate.SQL - drop table if exists carbon_reports cascade 
2026-03-08 10:30:30.081 [main] DEBUG org.hibernate.SQL - drop table if exists companies cascade 
2026-03-08 10:30:30.081 [main] DEBUG org.hibernate.SQL - drop table if exists messages cascade 
2026-03-08 10:30:30.081 [main] DEBUG org.hibernate.SQL - drop table if exists trips cascade 
2026-03-08 10:30:30.081 [main] DEBUG org.hibernate.SQL - drop table if exists users cascade 
2026-03-08 10:30:30.081 [main] DEBUG org.hibernate.SQL - drop table if exists vehicles cascade 
2026-03-08 10:30:30.089 [main] DEBUG org.hibernate.SQL - create table bookings (pickup_latitude float(53), pickup_longitude float(53), seats_booked integer not null, created_at timestamp(6) not null, id bigint generated by default as identity, passenger_id bigint not null, trip_id bigint not null, updated_at timestamp(6), pickup_address varchar(255), status varchar(255) not null check (status in ('PENDING','CONFIRMED','CANCELLED','COMPLETED')), primary key (id))
2026-03-08 10:30:30.113 [main] DEBUG org.hibernate.SQL - create table carbon_reports (average_passengers_per_trip float(53), estimated_money_saved float(53), report_month integer not null, report_year integer not null, total_distance_km float(53) not null, total_participants integer not null, total_trips integer not null, totalco2saved_kg float(53) not null, company_id bigint not null, generated_at timestamp(6) not null, id bigint generated by default as identity, primary key (id), unique (company_id, report_month, report_year))
2026-03-08 10:30:30.118 [main] DEBUG org.hibernate.SQL - create table companies (active boolean not null, latitude float(53), longitude float(53), created_at timestamp(6) not null, id bigint generated by default as identity, updated_at timestamp(6), siret varchar(14) not null unique, address varchar(255) not null, email varchar(255) not null unique, name varchar(255) not null, phone varchar(255), primary key (id))
2026-03-08 10:30:30.121 [main] DEBUG org.hibernate.SQL - create table messages (read boolean not null, created_at timestamp(6) not null, id bigint generated by default as identity, receiver_id bigint not null, sender_id bigint not null, trip_id bigint, content varchar(2000) not null, primary key (id))
2026-03-08 10:30:30.124 [main] DEBUG org.hibernate.SQL - create table trips (arrival_lat float(53) not null, arrival_lng float(53) not null, available_seats integer not null, departure_lat float(53) not null, departure_lng float(53) not null, distance_km float(53), estimatedco2saved_kg float(53), price_per_seat numeric(10,2), recurring boolean not null, created_at timestamp(6) not null, departure_time timestamp(6) not null, driver_id bigint not null, estimated_arrival_time timestamp(6), id bigint generated by default as identity, updated_at timestamp(6), vehicle_id bigint, description varchar(500), arrival_address varchar(255) not null, departure_address varchar(255) not null, status varchar(255) not null check (status in ('PLANNED','IN_PROGRESS','COMPLETED','CANCELLED')), primary key (id))
2026-03-08 10:30:30.126 [main] DEBUG org.hibernate.SQL - create table users (active boolean not null, home_latitude float(53), home_longitude float(53), music_allowed boolean not null, pets_allowed boolean not null, smoking_allowed boolean not null, company_id bigint, created_at timestamp(6) not null, id bigint generated by default as identity, updated_at timestamp(6), email varchar(255) not null unique, first_name varchar(255) not null, home_address varchar(255), last_name varchar(255) not null, password varchar(255) not null, phone varchar(255), profile_picture_url varchar(255), role varchar(255) not null check (role in ('EMPLOYEE','COMPANY_ADMIN','ECOMOVE_ADMIN')), primary key (id))
2026-03-08 10:30:30.129 [main] DEBUG org.hibernate.SQL - create table vehicles (fuel_consumption float(53), seats integer not null, created_at timestamp(6) not null, id bigint generated by default as identity, owner_id bigint not null, brand varchar(255) not null, color varchar(255), license_plate varchar(255) not null unique, model varchar(255) not null, vehicle_type varchar(255) not null check (vehicle_type in ('SEDAN','SUV','COMPACT','BREAK','MINIVAN','ELECTRIC','HYBRID')), primary key (id))
2026-03-08 10:30:30.132 [main] DEBUG org.hibernate.SQL - alter table if exists bookings add constraint FKbs38on6lm5em0mmwv44g0hn68 foreign key (passenger_id) references users
2026-03-08 10:30:30.147 [main] DEBUG org.hibernate.SQL - alter table if exists bookings add constraint FK76g5jpvf8bcqejvp5d2vgrnjb foreign key (trip_id) references trips
2026-03-08 10:30:30.151 [main] DEBUG org.hibernate.SQL - alter table if exists carbon_reports add constraint FKt8lubx75rj5xbgu1hsrmlw6sr foreign key (company_id) references companies
2026-03-08 10:30:30.154 [main] DEBUG org.hibernate.SQL - alter table if exists messages add constraint FKt05r0b6n0iis8u7dfna4xdh73 foreign key (receiver_id) references users
2026-03-08 10:30:30.156 [main] DEBUG org.hibernate.SQL - alter table if exists messages add constraint FK4ui4nnwntodh6wjvck53dbk9m foreign key (sender_id) references users
2026-03-08 10:30:30.157 [main] DEBUG org.hibernate.SQL - alter table if exists messages add constraint FKr0eca3dkk9n36vhwgt048fy4v foreign key (trip_id) references trips
2026-03-08 10:30:30.159 [main] DEBUG org.hibernate.SQL - alter table if exists trips add constraint FKc4bs1fyinb8aw9pc740991lv7 foreign key (driver_id) references users
2026-03-08 10:30:30.161 [main] DEBUG org.hibernate.SQL - alter table if exists trips add constraint FKqahsaodjirbk4if91c9bfnlgg foreign key (vehicle_id) references vehicles
2026-03-08 10:30:30.163 [main] DEBUG org.hibernate.SQL - alter table if exists users add constraint FKin8gn4o1hpiwe6qe4ey7ykwq7 foreign key (company_id) references companies
2026-03-08 10:30:30.165 [main] DEBUG org.hibernate.SQL - alter table if exists vehicles add constraint FKi251m7sfpn4k64pif7wk70jlu foreign key (owner_id) references users
2026-03-08 10:30:33.049 [main] WARN  o.s.b.a.o.j.JpaBaseConfiguration$JpaWebConfiguration - spring.jpa.open-in-view is enabled by default. Therefore, database queries may be performed during view rendering. Explicitly configure spring.jpa.open-in-view to disable this warning
2026-03-08 10:30:35.609 [main] INFO  c.e.e.controller.AuthControllerTest - Started AuthControllerTest in 14.472 seconds (process running for 16.747)
2026-03-08 10:30:36.093 [main] WARN  c.e.e.e.GlobalExceptionHandler - Erreur de validation : L'adresse email doit être valide
2026-03-08 10:30:36.162 [main] WARN  c.e.e.e.GlobalExceptionHandler - Erreur de validation : Le mot de passe est obligatoire, L'adresse email est obligatoire
2026-03-08 10:30:36.240 [main] INFO  c.e.e.controller.AuthController - Requête de connexion reçue pour : jarle@ecomove.com
2026-03-08 10:30:36.317 [main] WARN  c.e.e.e.GlobalExceptionHandler - Erreur de validation : Le mot de passe doit contenir au moins 8 caractères
2026-03-08 10:30:36.334 [main] INFO  c.e.e.controller.AuthController - Requête d'inscription reçue pour : jarle@ecomove.com
2026-03-08 10:30:36.366 [SpringApplicationShutdownHook] DEBUG org.hibernate.SQL - drop table if exists bookings cascade 
2026-03-08 10:30:36.370 [SpringApplicationShutdownHook] DEBUG org.hibernate.SQL - drop table if exists carbon_reports cascade 
2026-03-08 10:30:36.373 [SpringApplicationShutdownHook] DEBUG org.hibernate.SQL - drop table if exists companies cascade 
2026-03-08 10:30:36.375 [SpringApplicationShutdownHook] DEBUG org.hibernate.SQL - drop table if exists messages cascade 
2026-03-08 10:30:36.377 [SpringApplicationShutdownHook] DEBUG org.hibernate.SQL - drop table if exists trips cascade 
2026-03-08 10:30:36.380 [SpringApplicationShutdownHook] DEBUG org.hibernate.SQL - drop table if exists users cascade 
2026-03-08 10:30:36.381 [SpringApplicationShutdownHook] DEBUG org.hibernate.SQL - drop table if exists vehicles cascade 
